<?xml version="1.0" encoding="UTF-8"?>
<robot generator="Robot 4.0.3 (Python 3.8.5 on darwin)" generated="20210916 14:37:37.905" rpa="false" schemaversion="2">
<suite id="s1" name="Tests" source="/Users/rahulshetty/pythonProjects/RobotFramework/tests">
<suite id="s1-s1" name="testDemo5" source="/Users/rahulshetty/pythonProjects/RobotFramework/tests/testDemo5.robot">
<test id="s1-s1-t1" name="Invalid username">
<kw name="Validate UnSuccesful Login">
<arg>dsahed</arg>
<arg>learning</arg>
<kw name="open the browser with the Mortgage payment url">
<kw name="Create Webdriver" library="SeleniumLibrary">
<arg>Chrome</arg>
<arg>executable_path=/Users/rahulshetty/Documents/chromedriver</arg>
<doc>Creates an instance of Selenium WebDriver.</doc>
<msg timestamp="20210916 14:37:38.196" level="INFO">Creating an instance of the Chrome WebDriver.</msg>
<status status="PASS" starttime="20210916 14:37:38.196" endtime="20210916 14:37:41.821"/>
</kw>
<kw name="Go To" library="SeleniumLibrary">
<arg>https://rahulshettyacademy.com/loginpagePractise/</arg>
<doc>Navigates the current browser window to the provided ``url``.</doc>
<msg timestamp="20210916 14:37:41.823" level="INFO">Opening url 'https://rahulshettyacademy.com/loginpagePractise/'</msg>
<status status="PASS" starttime="20210916 14:37:41.822" endtime="20210916 14:37:43.056"/>
</kw>
<status status="PASS" starttime="20210916 14:37:38.195" endtime="20210916 14:37:43.057"/>
</kw>
<kw name="Fill the login Form">
<arg>${username}</arg>
<arg>${password}</arg>
<kw name="Input Text" library="SeleniumLibrary">
<arg>id:username</arg>
<arg>${username}</arg>
<doc>Types the given ``text`` into the text field identified by ``locator``.</doc>
<msg timestamp="20210916 14:37:43.061" level="INFO">Typing text 'dsahed' into text field 'id:username'.</msg>
<status status="PASS" starttime="20210916 14:37:43.060" endtime="20210916 14:37:43.320"/>
</kw>
<kw name="Input Password" library="SeleniumLibrary">
<arg>id:password</arg>
<arg>${password}</arg>
<doc>Types the given password into the text field identified by ``locator``.</doc>
<msg timestamp="20210916 14:37:43.322" level="INFO">Typing password into text field 'id:password'.</msg>
<msg timestamp="20210916 14:37:43.403" level="INFO">Temporally setting log level to: NONE</msg>
<msg timestamp="20210916 14:37:43.494" level="INFO">Log level changed from NONE to INFO.</msg>
<status status="PASS" starttime="20210916 14:37:43.320" endtime="20210916 14:37:43.494"/>
</kw>
<kw name="Click Button" library="SeleniumLibrary">
<arg>signInBtn</arg>
<doc>Clicks the button identified by ``locator``.</doc>
<msg timestamp="20210916 14:37:43.496" level="INFO">Clicking button 'signInBtn'.</msg>
<status status="PASS" starttime="20210916 14:37:43.495" endtime="20210916 14:37:43.630"/>
</kw>
<status status="PASS" starttime="20210916 14:37:43.058" endtime="20210916 14:37:43.631"/>
</kw>
<kw name="wait until it checks and display error message">
<kw name="Wait Until Element Is Visible" library="SeleniumLibrary">
<arg>${Error_Message_Login}</arg>
<doc>Waits until the element ``locator`` is visible.</doc>
<status status="PASS" starttime="20210916 14:37:43.632" endtime="20210916 14:37:45.625"/>
</kw>
<status status="PASS" starttime="20210916 14:37:43.631" endtime="20210916 14:37:45.626"/>
</kw>
<kw name="verify error message is correct">
<kw name="Get Text" library="SeleniumLibrary">
<var>${result}</var>
<arg>${Error_Message_Login}</arg>
<doc>Returns the text value of the element identified by ``locator``.</doc>
<msg timestamp="20210916 14:37:45.651" level="INFO">${result} = Incorrect username/password.</msg>
<status status="PASS" starttime="20210916 14:37:45.627" endtime="20210916 14:37:45.651"/>
</kw>
<kw name="Should Be Equal As Strings" library="BuiltIn">
<arg>${result}</arg>
<arg>Incorrect username/password.</arg>
<doc>Fails if objects are unequal after converting them to strings.</doc>
<status status="PASS" starttime="20210916 14:37:45.652" endtime="20210916 14:37:45.653"/>
</kw>
<kw name="Element Text Should Be" library="SeleniumLibrary">
<arg>${Error_Message_Login}</arg>
<arg>Incorrect username/password.</arg>
<doc>Verifies that element ``locator`` contains exact the text ``expected``.</doc>
<msg timestamp="20210916 14:37:45.655" level="INFO">Verifying element 'css:.alert-danger' contains exact text 'Incorrect username/password.'.</msg>
<status status="PASS" starttime="20210916 14:37:45.654" endtime="20210916 14:37:45.673"/>
</kw>
<status status="PASS" starttime="20210916 14:37:45.626" endtime="20210916 14:37:45.673"/>
</kw>
<status status="PASS" starttime="20210916 14:37:38.194" endtime="20210916 14:37:45.674"/>
</kw>
<kw name="Close Browser" library="SeleniumLibrary" type="TEARDOWN">
<doc>Closes the current browser.</doc>
<status status="PASS" starttime="20210916 14:37:45.675" endtime="20210916 14:37:45.871"/>
</kw>
<status status="PASS" starttime="20210916 14:37:38.192" endtime="20210916 14:37:45.872"/>
</test>
<test id="s1-s1-t2" name="Invalid password">
<kw name="Validate UnSuccesful Login">
<arg>rahulshetty</arg>
<arg>ploudfg</arg>
<kw name="open the browser with the Mortgage payment url">
<kw name="Create Webdriver" library="SeleniumLibrary">
<arg>Chrome</arg>
<arg>executable_path=/Users/rahulshetty/Documents/chromedriver</arg>
<doc>Creates an instance of Selenium WebDriver.</doc>
<msg timestamp="20210916 14:37:45.881" level="INFO">Creating an instance of the Chrome WebDriver.</msg>
<status status="PASS" starttime="20210916 14:37:45.880" endtime="20210916 14:37:48.940"/>
</kw>
<kw name="Go To" library="SeleniumLibrary">
<arg>https://rahulshettyacademy.com/loginpagePractise/</arg>
<doc>Navigates the current browser window to the provided ``url``.</doc>
<msg timestamp="20210916 14:37:48.942" level="INFO">Opening url 'https://rahulshettyacademy.com/loginpagePractise/'</msg>
<status status="PASS" starttime="20210916 14:37:48.942" endtime="20210916 14:37:50.093"/>
</kw>
<status status="PASS" starttime="20210916 14:37:45.879" endtime="20210916 14:37:50.093"/>
</kw>
<kw name="Fill the login Form">
<arg>${username}</arg>
<arg>${password}</arg>
<kw name="Input Text" library="SeleniumLibrary">
<arg>id:username</arg>
<arg>${username}</arg>
<doc>Types the given ``text`` into the text field identified by ``locator``.</doc>
<msg timestamp="20210916 14:37:50.096" level="INFO">Typing text 'rahulshetty' into text field 'id:username'.</msg>
<status status="PASS" starttime="20210916 14:37:50.095" endtime="20210916 14:37:50.305"/>
</kw>
<kw name="Input Password" library="SeleniumLibrary">
<arg>id:password</arg>
<arg>${password}</arg>
<doc>Types the given password into the text field identified by ``locator``.</doc>
<msg timestamp="20210916 14:37:50.307" level="INFO">Typing password into text field 'id:password'.</msg>
<msg timestamp="20210916 14:37:50.352" level="INFO">Temporally setting log level to: NONE</msg>
<msg timestamp="20210916 14:37:50.415" level="INFO">Log level changed from NONE to INFO.</msg>
<status status="PASS" starttime="20210916 14:37:50.306" endtime="20210916 14:37:50.415"/>
</kw>
<kw name="Click Button" library="SeleniumLibrary">
<arg>signInBtn</arg>
<doc>Clicks the button identified by ``locator``.</doc>
<msg timestamp="20210916 14:37:50.416" level="INFO">Clicking button 'signInBtn'.</msg>
<status status="PASS" starttime="20210916 14:37:50.415" endtime="20210916 14:37:50.515"/>
</kw>
<status status="PASS" starttime="20210916 14:37:50.094" endtime="20210916 14:37:50.515"/>
</kw>
<kw name="wait until it checks and display error message">
<kw name="Wait Until Element Is Visible" library="SeleniumLibrary">
<arg>${Error_Message_Login}</arg>
<doc>Waits until the element ``locator`` is visible.</doc>
<status status="PASS" starttime="20210916 14:37:50.516" endtime="20210916 14:37:52.689"/>
</kw>
<status status="PASS" starttime="20210916 14:37:50.515" endtime="20210916 14:37:52.690"/>
</kw>
<kw name="verify error message is correct">
<kw name="Get Text" library="SeleniumLibrary">
<var>${result}</var>
<arg>${Error_Message_Login}</arg>
<doc>Returns the text value of the element identified by ``locator``.</doc>
<msg timestamp="20210916 14:37:52.709" level="INFO">${result} = Incorrect username/password.</msg>
<status status="PASS" starttime="20210916 14:37:52.690" endtime="20210916 14:37:52.756"/>
</kw>
<kw name="Should Be Equal As Strings" library="BuiltIn">
<arg>${result}</arg>
<arg>Incorrect username/password.</arg>
<doc>Fails if objects are unequal after converting them to strings.</doc>
<status status="PASS" starttime="20210916 14:37:52.756" endtime="20210916 14:37:52.757"/>
</kw>
<kw name="Element Text Should Be" library="SeleniumLibrary">
<arg>${Error_Message_Login}</arg>
<arg>Incorrect username/password.</arg>
<doc>Verifies that element ``locator`` contains exact the text ``expected``.</doc>
<msg timestamp="20210916 14:37:52.758" level="INFO">Verifying element 'css:.alert-danger' contains exact text 'Incorrect username/password.'.</msg>
<status status="PASS" starttime="20210916 14:37:52.757" endtime="20210916 14:37:52.770"/>
</kw>
<status status="PASS" starttime="20210916 14:37:52.690" endtime="20210916 14:37:52.770"/>
</kw>
<status status="PASS" starttime="20210916 14:37:45.878" endtime="20210916 14:37:52.770"/>
</kw>
<kw name="Close Browser" library="SeleniumLibrary" type="TEARDOWN">
<doc>Closes the current browser.</doc>
<status status="PASS" starttime="20210916 14:37:52.771" endtime="20210916 14:37:53.030"/>
</kw>
<status status="PASS" starttime="20210916 14:37:45.873" endtime="20210916 14:37:53.030"/>
</test>
<test id="s1-s1-t3" name="special characters">
<kw name="Validate UnSuccesful Login">
<arg>@#$</arg>
<arg>learning</arg>
<kw name="open the browser with the Mortgage payment url">
<kw name="Create Webdriver" library="SeleniumLibrary">
<arg>Chrome</arg>
<arg>executable_path=/Users/rahulshetty/Documents/chromedriver</arg>
<doc>Creates an instance of Selenium WebDriver.</doc>
<msg timestamp="20210916 14:37:53.036" level="INFO">Creating an instance of the Chrome WebDriver.</msg>
<status status="PASS" starttime="20210916 14:37:53.036" endtime="20210916 14:37:55.840"/>
</kw>
<kw name="Go To" library="SeleniumLibrary">
<arg>https://rahulshettyacademy.com/loginpagePractise/</arg>
<doc>Navigates the current browser window to the provided ``url``.</doc>
<msg timestamp="20210916 14:37:55.842" level="INFO">Opening url 'https://rahulshettyacademy.com/loginpagePractise/'</msg>
<status status="PASS" starttime="20210916 14:37:55.841" endtime="20210916 14:37:56.884"/>
</kw>
<status status="PASS" starttime="20210916 14:37:53.035" endtime="20210916 14:37:56.885"/>
</kw>
<kw name="Fill the login Form">
<arg>${username}</arg>
<arg>${password}</arg>
<kw name="Input Text" library="SeleniumLibrary">
<arg>id:username</arg>
<arg>${username}</arg>
<doc>Types the given ``text`` into the text field identified by ``locator``.</doc>
<msg timestamp="20210916 14:37:56.887" level="INFO">Typing text '@#$' into text field 'id:username'.</msg>
<status status="PASS" starttime="20210916 14:37:56.886" endtime="20210916 14:37:57.097"/>
</kw>
<kw name="Input Password" library="SeleniumLibrary">
<arg>id:password</arg>
<arg>${password}</arg>
<doc>Types the given password into the text field identified by ``locator``.</doc>
<msg timestamp="20210916 14:37:57.099" level="INFO">Typing password into text field 'id:password'.</msg>
<msg timestamp="20210916 14:37:57.151" level="INFO">Temporally setting log level to: NONE</msg>
<msg timestamp="20210916 14:37:57.213" level="INFO">Log level changed from NONE to INFO.</msg>
<status status="PASS" starttime="20210916 14:37:57.098" endtime="20210916 14:37:57.214"/>
</kw>
<kw name="Click Button" library="SeleniumLibrary">
<arg>signInBtn</arg>
<doc>Clicks the button identified by ``locator``.</doc>
<msg timestamp="20210916 14:37:57.214" level="INFO">Clicking button 'signInBtn'.</msg>
<status status="PASS" starttime="20210916 14:37:57.214" endtime="20210916 14:37:57.320"/>
</kw>
<status status="PASS" starttime="20210916 14:37:56.885" endtime="20210916 14:37:57.321"/>
</kw>
<kw name="wait until it checks and display error message">
<kw name="Wait Until Element Is Visible" library="SeleniumLibrary">
<arg>${Error_Message_Login}</arg>
<doc>Waits until the element ``locator`` is visible.</doc>
<status status="PASS" starttime="20210916 14:37:57.322" endtime="20210916 14:37:59.303"/>
</kw>
<status status="PASS" starttime="20210916 14:37:57.321" endtime="20210916 14:37:59.304"/>
</kw>
<kw name="verify error message is correct">
<kw name="Get Text" library="SeleniumLibrary">
<var>${result}</var>
<arg>${Error_Message_Login}</arg>
<doc>Returns the text value of the element identified by ``locator``.</doc>
<msg timestamp="20210916 14:37:59.326" level="INFO">${result} = Incorrect username/password.</msg>
<status status="PASS" starttime="20210916 14:37:59.305" endtime="20210916 14:37:59.326"/>
</kw>
<kw name="Should Be Equal As Strings" library="BuiltIn">
<arg>${result}</arg>
<arg>Incorrect username/password.</arg>
<doc>Fails if objects are unequal after converting them to strings.</doc>
<status status="PASS" starttime="20210916 14:37:59.327" endtime="20210916 14:37:59.327"/>
</kw>
<kw name="Element Text Should Be" library="SeleniumLibrary">
<arg>${Error_Message_Login}</arg>
<arg>Incorrect username/password.</arg>
<doc>Verifies that element ``locator`` contains exact the text ``expected``.</doc>
<msg timestamp="20210916 14:37:59.328" level="INFO">Verifying element 'css:.alert-danger' contains exact text 'Incorrect username/password.'.</msg>
<status status="PASS" starttime="20210916 14:37:59.328" endtime="20210916 14:37:59.343"/>
</kw>
<status status="PASS" starttime="20210916 14:37:59.304" endtime="20210916 14:37:59.343"/>
</kw>
<status status="PASS" starttime="20210916 14:37:53.034" endtime="20210916 14:37:59.343"/>
</kw>
<kw name="Close Browser" library="SeleniumLibrary" type="TEARDOWN">
<doc>Closes the current browser.</doc>
<status status="PASS" starttime="20210916 14:37:59.344" endtime="20210916 14:37:59.422"/>
</kw>
<status status="PASS" starttime="20210916 14:37:53.031" endtime="20210916 14:37:59.422"/>
</test>
<test id="s1-s1-t4" name="Login with user 1234 and password  4242">
<kw name="Validate UnSuccesful Login">
<arg>1234</arg>
<arg> 4242</arg>
<kw name="open the browser with the Mortgage payment url">
<kw name="Create Webdriver" library="SeleniumLibrary">
<arg>Chrome</arg>
<arg>executable_path=/Users/rahulshetty/Documents/chromedriver</arg>
<doc>Creates an instance of Selenium WebDriver.</doc>
<msg timestamp="20210916 14:37:59.428" level="INFO">Creating an instance of the Chrome WebDriver.</msg>
<status status="PASS" starttime="20210916 14:37:59.428" endtime="20210916 14:38:01.701"/>
</kw>
<kw name="Go To" library="SeleniumLibrary">
<arg>https://rahulshettyacademy.com/loginpagePractise/</arg>
<doc>Navigates the current browser window to the provided ``url``.</doc>
<msg timestamp="20210916 14:38:01.703" level="INFO">Opening url 'https://rahulshettyacademy.com/loginpagePractise/'</msg>
<status status="PASS" starttime="20210916 14:38:01.702" endtime="20210916 14:38:02.661"/>
</kw>
<status status="PASS" starttime="20210916 14:37:59.427" endtime="20210916 14:38:02.662"/>
</kw>
<kw name="Fill the login Form">
<arg>${username}</arg>
<arg>${password}</arg>
<kw name="Input Text" library="SeleniumLibrary">
<arg>id:username</arg>
<arg>${username}</arg>
<doc>Types the given ``text`` into the text field identified by ``locator``.</doc>
<msg timestamp="20210916 14:38:02.665" level="INFO">Typing text '1234' into text field 'id:username'.</msg>
<status status="PASS" starttime="20210916 14:38:02.664" endtime="20210916 14:38:02.863"/>
</kw>
<kw name="Input Password" library="SeleniumLibrary">
<arg>id:password</arg>
<arg>${password}</arg>
<doc>Types the given password into the text field identified by ``locator``.</doc>
<msg timestamp="20210916 14:38:02.864" level="INFO">Typing password into text field 'id:password'.</msg>
<msg timestamp="20210916 14:38:02.899" level="INFO">Temporally setting log level to: NONE</msg>
<msg timestamp="20210916 14:38:02.945" level="INFO">Log level changed from NONE to INFO.</msg>
<status status="PASS" starttime="20210916 14:38:02.863" endtime="20210916 14:38:02.945"/>
</kw>
<kw name="Click Button" library="SeleniumLibrary">
<arg>signInBtn</arg>
<doc>Clicks the button identified by ``locator``.</doc>
<msg timestamp="20210916 14:38:02.945" level="INFO">Clicking button 'signInBtn'.</msg>
<status status="PASS" starttime="20210916 14:38:02.945" endtime="20210916 14:38:02.999"/>
</kw>
<status status="PASS" starttime="20210916 14:38:02.663" endtime="20210916 14:38:02.999"/>
</kw>
<kw name="wait until it checks and display error message">
<kw name="Wait Until Element Is Visible" library="SeleniumLibrary">
<arg>${Error_Message_Login}</arg>
<doc>Waits until the element ``locator`` is visible.</doc>
<status status="PASS" starttime="20210916 14:38:03.001" endtime="20210916 14:38:05.010"/>
</kw>
<status status="PASS" starttime="20210916 14:38:03.000" endtime="20210916 14:38:05.011"/>
</kw>
<kw name="verify error message is correct">
<kw name="Get Text" library="SeleniumLibrary">
<var>${result}</var>
<arg>${Error_Message_Login}</arg>
<doc>Returns the text value of the element identified by ``locator``.</doc>
<msg timestamp="20210916 14:38:05.037" level="INFO">${result} = Incorrect username/password.</msg>
<status status="PASS" starttime="20210916 14:38:05.012" endtime="20210916 14:38:05.037"/>
</kw>
<kw name="Should Be Equal As Strings" library="BuiltIn">
<arg>${result}</arg>
<arg>Incorrect username/password.</arg>
<doc>Fails if objects are unequal after converting them to strings.</doc>
<status status="PASS" starttime="20210916 14:38:05.037" endtime="20210916 14:38:05.038"/>
</kw>
<kw name="Element Text Should Be" library="SeleniumLibrary">
<arg>${Error_Message_Login}</arg>
<arg>Incorrect username/password.</arg>
<doc>Verifies that element ``locator`` contains exact the text ``expected``.</doc>
<msg timestamp="20210916 14:38:05.039" level="INFO">Verifying element 'css:.alert-danger' contains exact text 'Incorrect username/password.'.</msg>
<status status="PASS" starttime="20210916 14:38:05.038" endtime="20210916 14:38:05.055"/>
</kw>
<status status="PASS" starttime="20210916 14:38:05.011" endtime="20210916 14:38:05.056"/>
</kw>
<status status="PASS" starttime="20210916 14:37:59.425" endtime="20210916 14:38:05.056"/>
</kw>
<kw name="Close Browser" library="SeleniumLibrary" type="TEARDOWN">
<doc>Closes the current browser.</doc>
<status status="PASS" starttime="20210916 14:38:05.057" endtime="20210916 14:38:05.230"/>
</kw>
<status status="PASS" starttime="20210916 14:37:59.423" endtime="20210916 14:38:05.231"/>
</test>
<doc>To validate the Login form</doc>
<status status="PASS" starttime="20210916 14:37:37.942" endtime="20210916 14:38:05.232"/>
</suite>
<status status="PASS" starttime="20210916 14:37:37.915" endtime="20210916 14:38:05.236"/>
</suite>
<statistics>
<total>
<stat pass="4" fail="0" skip="0">All Tests</stat>
</total>
<tag>
</tag>
<suite>
<stat pass="4" fail="0" skip="0" id="s1" name="Tests">Tests</stat>
<stat pass="4" fail="0" skip="0" id="s1-s1" name="testDemo5">Tests.testDemo5</stat>
</suite>
</statistics>
<errors>
</errors>
</robot>
