<?xml version="1.0" encoding="UTF-8"?>
<robot generator="Robot 4.0.3 (Python 3.8.5 on darwin)" generated="20210916 14:37:37.915" rpa="false" schemaversion="2">
<suite id="s1" name="Tests" source="/Users/rahulshetty/pythonProjects/RobotFramework/tests">
<suite id="s1-s1" name="testDemo4" source="/Users/rahulshetty/pythonProjects/RobotFramework/tests/testDemo4.robot">
<test id="s1-s1-t1" name="Invalid username">
<kw name="Validate UnSuccesful Login">
<arg>dsahed</arg>
<arg>learning</arg>
<kw name="open the browser with the Mortgage payment url">
<kw name="Create Webdriver" library="SeleniumLibrary">
<arg>Chrome</arg>
<arg>executable_path=/Users/rahulshetty/Documents/chromedriver</arg>
<doc>Creates an instance of Selenium WebDriver.</doc>
<msg timestamp="20210916 14:37:38.168" level="INFO">Creating an instance of the Chrome WebDriver.</msg>
<status status="PASS" starttime="20210916 14:37:38.167" endtime="20210916 14:37:41.864"/>
</kw>
<kw name="Go To" library="SeleniumLibrary">
<arg>https://rahulshettyacademy.com/loginpagePractise/</arg>
<doc>Navigates the current browser window to the provided ``url``.</doc>
<msg timestamp="20210916 14:37:41.868" level="INFO">Opening url 'https://rahulshettyacademy.com/loginpagePractise/'</msg>
<status status="PASS" starttime="20210916 14:37:41.866" endtime="20210916 14:37:43.126"/>
</kw>
<status status="PASS" starttime="20210916 14:37:38.166" endtime="20210916 14:37:43.127"/>
</kw>
<kw name="Fill the login Form">
<arg>${username}</arg>
<arg>${password}</arg>
<kw name="Input Text" library="SeleniumLibrary">
<arg>id:username</arg>
<arg>${username}</arg>
<doc>Types the given ``text`` into the text field identified by ``locator``.</doc>
<msg timestamp="20210916 14:37:43.130" level="INFO">Typing text 'dsahed' into text field 'id:username'.</msg>
<status status="PASS" starttime="20210916 14:37:43.129" endtime="20210916 14:37:43.435"/>
</kw>
<kw name="Input Password" library="SeleniumLibrary">
<arg>id:password</arg>
<arg>${password}</arg>
<doc>Types the given password into the text field identified by ``locator``.</doc>
<msg timestamp="20210916 14:37:43.437" level="INFO">Typing password into text field 'id:password'.</msg>
<msg timestamp="20210916 14:37:43.507" level="INFO">Temporally setting log level to: NONE</msg>
<msg timestamp="20210916 14:37:43.595" level="INFO">Log level changed from NONE to INFO.</msg>
<status status="PASS" starttime="20210916 14:37:43.436" endtime="20210916 14:37:43.595"/>
</kw>
<kw name="Click Button" library="SeleniumLibrary">
<arg>signInBtn</arg>
<doc>Clicks the button identified by ``locator``.</doc>
<msg timestamp="20210916 14:37:43.596" level="INFO">Clicking button 'signInBtn'.</msg>
<status status="PASS" starttime="20210916 14:37:43.596" endtime="20210916 14:37:43.715"/>
</kw>
<status status="PASS" starttime="20210916 14:37:43.128" endtime="20210916 14:37:43.716"/>
</kw>
<kw name="wait until it checks and display error message">
<kw name="Wait Until Element Is Visible" library="SeleniumLibrary">
<arg>${Error_Message_Login}</arg>
<doc>Waits until the element ``locator`` is visible.</doc>
<status status="PASS" starttime="20210916 14:37:43.717" endtime="20210916 14:37:45.711"/>
</kw>
<status status="PASS" starttime="20210916 14:37:43.716" endtime="20210916 14:37:45.711"/>
</kw>
<kw name="verify error message is correct">
<kw name="Get Text" library="SeleniumLibrary">
<var>${result}</var>
<arg>${Error_Message_Login}</arg>
<doc>Returns the text value of the element identified by ``locator``.</doc>
<msg timestamp="20210916 14:37:45.741" level="INFO">${result} = Incorrect username/password.</msg>
<status status="PASS" starttime="20210916 14:37:45.712" endtime="20210916 14:37:45.742"/>
</kw>
<kw name="Should Be Equal As Strings" library="BuiltIn">
<arg>${result}</arg>
<arg>Incorrect username/password.</arg>
<doc>Fails if objects are unequal after converting them to strings.</doc>
<status status="PASS" starttime="20210916 14:37:45.742" endtime="20210916 14:37:45.743"/>
</kw>
<kw name="Element Text Should Be" library="SeleniumLibrary">
<arg>${Error_Message_Login}</arg>
<arg>Incorrect username/password.</arg>
<doc>Verifies that element ``locator`` contains exact the text ``expected``.</doc>
<msg timestamp="20210916 14:37:45.745" level="INFO">Verifying element 'css:.alert-danger' contains exact text 'Incorrect username/password.'.</msg>
<status status="PASS" starttime="20210916 14:37:45.744" endtime="20210916 14:37:45.767"/>
</kw>
<status status="PASS" starttime="20210916 14:37:45.712" endtime="20210916 14:37:45.767"/>
</kw>
<status status="PASS" starttime="20210916 14:37:38.165" endtime="20210916 14:37:45.767"/>
</kw>
<kw name="Close Browser" library="SeleniumLibrary" type="TEARDOWN">
<doc>Closes the current browser.</doc>
<status status="PASS" starttime="20210916 14:37:45.768" endtime="20210916 14:37:45.909"/>
</kw>
<status status="PASS" starttime="20210916 14:37:38.164" endtime="20210916 14:37:45.909"/>
</test>
<test id="s1-s1-t2" name="Invalid password">
<kw name="Validate UnSuccesful Login">
<arg>rahulshetty</arg>
<arg>ploudfg</arg>
<kw name="open the browser with the Mortgage payment url">
<kw name="Create Webdriver" library="SeleniumLibrary">
<arg>Chrome</arg>
<arg>executable_path=/Users/rahulshetty/Documents/chromedriver</arg>
<doc>Creates an instance of Selenium WebDriver.</doc>
<msg timestamp="20210916 14:37:45.914" level="INFO">Creating an instance of the Chrome WebDriver.</msg>
<status status="PASS" starttime="20210916 14:37:45.913" endtime="20210916 14:37:49.005"/>
</kw>
<kw name="Go To" library="SeleniumLibrary">
<arg>https://rahulshettyacademy.com/loginpagePractise/</arg>
<doc>Navigates the current browser window to the provided ``url``.</doc>
<msg timestamp="20210916 14:37:49.008" level="INFO">Opening url 'https://rahulshettyacademy.com/loginpagePractise/'</msg>
<status status="PASS" starttime="20210916 14:37:49.007" endtime="20210916 14:37:50.667"/>
</kw>
<status status="PASS" starttime="20210916 14:37:45.913" endtime="20210916 14:37:50.667"/>
</kw>
<kw name="Fill the login Form">
<arg>${username}</arg>
<arg>${password}</arg>
<kw name="Input Text" library="SeleniumLibrary">
<arg>id:username</arg>
<arg>${username}</arg>
<doc>Types the given ``text`` into the text field identified by ``locator``.</doc>
<msg timestamp="20210916 14:37:50.670" level="INFO">Typing text 'rahulshetty' into text field 'id:username'.</msg>
<status status="PASS" starttime="20210916 14:37:50.669" endtime="20210916 14:37:50.808"/>
</kw>
<kw name="Input Password" library="SeleniumLibrary">
<arg>id:password</arg>
<arg>${password}</arg>
<doc>Types the given password into the text field identified by ``locator``.</doc>
<msg timestamp="20210916 14:37:50.809" level="INFO">Typing password into text field 'id:password'.</msg>
<msg timestamp="20210916 14:37:50.843" level="INFO">Temporally setting log level to: NONE</msg>
<msg timestamp="20210916 14:37:50.892" level="INFO">Log level changed from NONE to INFO.</msg>
<status status="PASS" starttime="20210916 14:37:50.808" endtime="20210916 14:37:50.893"/>
</kw>
<kw name="Click Button" library="SeleniumLibrary">
<arg>signInBtn</arg>
<doc>Clicks the button identified by ``locator``.</doc>
<msg timestamp="20210916 14:37:50.893" level="INFO">Clicking button 'signInBtn'.</msg>
<status status="PASS" starttime="20210916 14:37:50.893" endtime="20210916 14:37:50.948"/>
</kw>
<status status="PASS" starttime="20210916 14:37:50.668" endtime="20210916 14:37:50.949"/>
</kw>
<kw name="wait until it checks and display error message">
<kw name="Wait Until Element Is Visible" library="SeleniumLibrary">
<arg>${Error_Message_Login}</arg>
<doc>Waits until the element ``locator`` is visible.</doc>
<status status="PASS" starttime="20210916 14:37:50.950" endtime="20210916 14:37:52.948"/>
</kw>
<status status="PASS" starttime="20210916 14:37:50.949" endtime="20210916 14:37:52.949"/>
</kw>
<kw name="verify error message is correct">
<kw name="Get Text" library="SeleniumLibrary">
<var>${result}</var>
<arg>${Error_Message_Login}</arg>
<doc>Returns the text value of the element identified by ``locator``.</doc>
<msg timestamp="20210916 14:37:52.973" level="INFO">${result} = Incorrect username/password.</msg>
<status status="PASS" starttime="20210916 14:37:52.950" endtime="20210916 14:37:52.983"/>
</kw>
<kw name="Should Be Equal As Strings" library="BuiltIn">
<arg>${result}</arg>
<arg>Incorrect username/password.</arg>
<doc>Fails if objects are unequal after converting them to strings.</doc>
<status status="PASS" starttime="20210916 14:37:52.984" endtime="20210916 14:37:52.985"/>
</kw>
<kw name="Element Text Should Be" library="SeleniumLibrary">
<arg>${Error_Message_Login}</arg>
<arg>Incorrect username/password.</arg>
<doc>Verifies that element ``locator`` contains exact the text ``expected``.</doc>
<msg timestamp="20210916 14:37:52.986" level="INFO">Verifying element 'css:.alert-danger' contains exact text 'Incorrect username/password.'.</msg>
<status status="PASS" starttime="20210916 14:37:52.985" endtime="20210916 14:37:52.998"/>
</kw>
<status status="PASS" starttime="20210916 14:37:52.949" endtime="20210916 14:37:52.999"/>
</kw>
<status status="PASS" starttime="20210916 14:37:45.912" endtime="20210916 14:37:52.999"/>
</kw>
<kw name="Close Browser" library="SeleniumLibrary" type="TEARDOWN">
<doc>Closes the current browser.</doc>
<status status="PASS" starttime="20210916 14:37:53.000" endtime="20210916 14:37:53.082"/>
</kw>
<status status="PASS" starttime="20210916 14:37:45.911" endtime="20210916 14:37:53.082"/>
</test>
<test id="s1-s1-t3" name="special characters">
<kw name="Validate UnSuccesful Login">
<arg>@#$</arg>
<arg>learning</arg>
<kw name="open the browser with the Mortgage payment url">
<kw name="Create Webdriver" library="SeleniumLibrary">
<arg>Chrome</arg>
<arg>executable_path=/Users/rahulshetty/Documents/chromedriver</arg>
<doc>Creates an instance of Selenium WebDriver.</doc>
<msg timestamp="20210916 14:37:53.086" level="INFO">Creating an instance of the Chrome WebDriver.</msg>
<status status="PASS" starttime="20210916 14:37:53.085" endtime="20210916 14:37:55.852"/>
</kw>
<kw name="Go To" library="SeleniumLibrary">
<arg>https://rahulshettyacademy.com/loginpagePractise/</arg>
<doc>Navigates the current browser window to the provided ``url``.</doc>
<msg timestamp="20210916 14:37:55.854" level="INFO">Opening url 'https://rahulshettyacademy.com/loginpagePractise/'</msg>
<status status="PASS" starttime="20210916 14:37:55.853" endtime="20210916 14:37:56.932"/>
</kw>
<status status="PASS" starttime="20210916 14:37:53.085" endtime="20210916 14:37:56.932"/>
</kw>
<kw name="Fill the login Form">
<arg>${username}</arg>
<arg>${password}</arg>
<kw name="Input Text" library="SeleniumLibrary">
<arg>id:username</arg>
<arg>${username}</arg>
<doc>Types the given ``text`` into the text field identified by ``locator``.</doc>
<msg timestamp="20210916 14:37:56.936" level="INFO">Typing text '@#$' into text field 'id:username'.</msg>
<status status="PASS" starttime="20210916 14:37:56.934" endtime="20210916 14:37:57.109"/>
</kw>
<kw name="Input Password" library="SeleniumLibrary">
<arg>id:password</arg>
<arg>${password}</arg>
<doc>Types the given password into the text field identified by ``locator``.</doc>
<msg timestamp="20210916 14:37:57.111" level="INFO">Typing password into text field 'id:password'.</msg>
<msg timestamp="20210916 14:37:57.154" level="INFO">Temporally setting log level to: NONE</msg>
<msg timestamp="20210916 14:37:57.214" level="INFO">Log level changed from NONE to INFO.</msg>
<status status="PASS" starttime="20210916 14:37:57.110" endtime="20210916 14:37:57.214"/>
</kw>
<kw name="Click Button" library="SeleniumLibrary">
<arg>signInBtn</arg>
<doc>Clicks the button identified by ``locator``.</doc>
<msg timestamp="20210916 14:37:57.215" level="INFO">Clicking button 'signInBtn'.</msg>
<status status="PASS" starttime="20210916 14:37:57.214" endtime="20210916 14:37:57.320"/>
</kw>
<status status="PASS" starttime="20210916 14:37:56.933" endtime="20210916 14:37:57.321"/>
</kw>
<kw name="wait until it checks and display error message">
<kw name="Wait Until Element Is Visible" library="SeleniumLibrary">
<arg>${Error_Message_Login}</arg>
<doc>Waits until the element ``locator`` is visible.</doc>
<status status="PASS" starttime="20210916 14:37:57.322" endtime="20210916 14:37:59.303"/>
</kw>
<status status="PASS" starttime="20210916 14:37:57.321" endtime="20210916 14:37:59.304"/>
</kw>
<kw name="verify error message is correct">
<kw name="Get Text" library="SeleniumLibrary">
<var>${result}</var>
<arg>${Error_Message_Login}</arg>
<doc>Returns the text value of the element identified by ``locator``.</doc>
<msg timestamp="20210916 14:37:59.326" level="INFO">${result} = Incorrect username/password.</msg>
<status status="PASS" starttime="20210916 14:37:59.305" endtime="20210916 14:37:59.326"/>
</kw>
<kw name="Should Be Equal As Strings" library="BuiltIn">
<arg>${result}</arg>
<arg>Incorrect username/password.</arg>
<doc>Fails if objects are unequal after converting them to strings.</doc>
<status status="PASS" starttime="20210916 14:37:59.327" endtime="20210916 14:37:59.327"/>
</kw>
<kw name="Element Text Should Be" library="SeleniumLibrary">
<arg>${Error_Message_Login}</arg>
<arg>Incorrect username/password.</arg>
<doc>Verifies that element ``locator`` contains exact the text ``expected``.</doc>
<msg timestamp="20210916 14:37:59.328" level="INFO">Verifying element 'css:.alert-danger' contains exact text 'Incorrect username/password.'.</msg>
<status status="PASS" starttime="20210916 14:37:59.328" endtime="20210916 14:37:59.343"/>
</kw>
<status status="PASS" starttime="20210916 14:37:59.304" endtime="20210916 14:37:59.343"/>
</kw>
<status status="PASS" starttime="20210916 14:37:53.084" endtime="20210916 14:37:59.343"/>
</kw>
<kw name="Close Browser" library="SeleniumLibrary" type="TEARDOWN">
<doc>Closes the current browser.</doc>
<status status="PASS" starttime="20210916 14:37:59.344" endtime="20210916 14:37:59.429"/>
</kw>
<status status="PASS" starttime="20210916 14:37:53.083" endtime="20210916 14:37:59.429"/>
</test>
<doc>To validate the Login form</doc>
<status status="PASS" starttime="20210916 14:37:37.951" endtime="20210916 14:37:59.431"/>
</suite>
<status status="PASS" starttime="20210916 14:37:37.922" endtime="20210916 14:37:59.434"/>
</suite>
<statistics>
<total>
<stat pass="3" fail="0" skip="0">All Tests</stat>
</total>
<tag>
</tag>
<suite>
<stat pass="3" fail="0" skip="0" id="s1" name="Tests">Tests</stat>
<stat pass="3" fail="0" skip="0" id="s1-s1" name="testDemo4">Tests.testDemo4</stat>
</suite>
</statistics>
<errors>
</errors>
</robot>
