<?xml version="1.0" encoding="UTF-8"?>
<robot generator="Robot 4.0.3 (Python 3.8.5 on darwin)" generated="20210916 14:37:37.912" rpa="false" schemaversion="2">
<suite id="s1" name="Tests" source="/Users/rahulshetty/pythonProjects/RobotFramework/tests">
<suite id="s1-s1" name="testDemo3" source="/Users/rahulshetty/pythonProjects/RobotFramework/tests/testDemo3.robot">
<test id="s1-s1-t1" name="Validate Child window Functionality">
<kw name="open the browser with the Mortgage payment url" library="Generic" type="SETUP">
<kw name="Create Webdriver" library="SeleniumLibrary">
<arg>Chrome</arg>
<arg>executable_path=/Users/rahulshetty/Documents/chromedriver</arg>
<doc>Creates an instance of Selenium WebDriver.</doc>
<msg timestamp="20210916 14:37:38.186" level="INFO">Creating an instance of the Chrome WebDriver.</msg>
<status status="PASS" starttime="20210916 14:37:38.185" endtime="20210916 14:37:42.007"/>
</kw>
<kw name="Go To" library="SeleniumLibrary">
<arg>${url}</arg>
<doc>Navigates the current browser window to the provided ``url``.</doc>
<msg timestamp="20210916 14:37:42.009" level="INFO">Opening url 'https://rahulshettyacademy.com/loginpagePractise/'</msg>
<status status="PASS" starttime="20210916 14:37:42.008" endtime="20210916 14:37:43.112"/>
</kw>
<status status="PASS" starttime="20210916 14:37:38.185" endtime="20210916 14:37:43.113"/>
</kw>
<kw name="Select the link of Child window">
<kw name="Click Element" library="SeleniumLibrary">
<arg>css:.blinkingText</arg>
<doc>Click the element identified by ``locator``.</doc>
<msg timestamp="20210916 14:37:43.116" level="INFO">Clicking element 'css:.blinkingText'.</msg>
<status status="PASS" starttime="20210916 14:37:43.114" endtime="20210916 14:37:43.439"/>
</kw>
<kw name="Sleep" library="BuiltIn">
<arg>5</arg>
<doc>Pauses the test executed for the given time.</doc>
<msg timestamp="20210916 14:37:48.441" level="INFO">Slept 5 seconds</msg>
<status status="PASS" starttime="20210916 14:37:43.440" endtime="20210916 14:37:48.441"/>
</kw>
<status status="PASS" starttime="20210916 14:37:43.113" endtime="20210916 14:37:48.442"/>
</kw>
<kw name="Verify the user is Switched to Child window">
<kw name="Switch Window" library="SeleniumLibrary">
<arg>NEW</arg>
<doc>Switches to browser window matching ``locator``.</doc>
<status status="PASS" starttime="20210916 14:37:48.443" endtime="20210916 14:37:48.458"/>
</kw>
<kw name="Element Text Should Be" library="SeleniumLibrary">
<arg>css:h1</arg>
<arg>DOCUMENTS REQUEST</arg>
<doc>Verifies that element ``locator`` contains exact the text ``expected``.</doc>
<msg timestamp="20210916 14:37:48.460" level="INFO">Verifying element 'css:h1' contains exact text 'DOCUMENTS REQUEST'.</msg>
<status status="PASS" starttime="20210916 14:37:48.459" endtime="20210916 14:37:48.511"/>
</kw>
<status status="PASS" starttime="20210916 14:37:48.442" endtime="20210916 14:37:48.512"/>
</kw>
<kw name="Grab the Email id in the Child Window">
<kw name="Get Text" library="SeleniumLibrary">
<var>${text}</var>
<arg>css:.red</arg>
<doc>Returns the text value of the element identified by ``locator``.</doc>
<msg timestamp="20210916 14:37:48.538" level="INFO">${text} = Please email us at mentor@rahulshettyacademy.com with below template to receive response</msg>
<status status="PASS" starttime="20210916 14:37:48.513" endtime="20210916 14:37:48.538"/>
</kw>
<kw name="Split String" library="String">
<var>@{words}</var>
<arg>${text}</arg>
<arg>at</arg>
<doc>Splits the ``string`` using ``separator`` as a delimiter string.</doc>
<msg timestamp="20210916 14:37:48.540" level="INFO">@{words} = [ Please email us  |  mentor@rahulshettyacademy.com with below templ | e to receive response ]</msg>
<status status="PASS" starttime="20210916 14:37:48.539" endtime="20210916 14:37:48.540"/>
</kw>
<kw name="Get From List" library="Collections">
<var>${text_split}</var>
<arg>${words}</arg>
<arg>1</arg>
<doc>Returns the value specified with an ``index`` from ``list``.</doc>
<msg timestamp="20210916 14:37:48.541" level="INFO">${text_split} =  mentor@rahulshettyacademy.com with below templ</msg>
<status status="PASS" starttime="20210916 14:37:48.540" endtime="20210916 14:37:48.541"/>
</kw>
<kw name="Log" library="BuiltIn">
<arg>${text_split}</arg>
<doc>Logs the given message with the given level.</doc>
<msg timestamp="20210916 14:37:48.542" level="INFO"> mentor@rahulshettyacademy.com with below templ</msg>
<status status="PASS" starttime="20210916 14:37:48.542" endtime="20210916 14:37:48.543"/>
</kw>
<kw name="Split String" library="String">
<var>@{words_2}</var>
<arg>${text_split}</arg>
<doc>Splits the ``string`` using ``separator`` as a delimiter string.</doc>
<msg timestamp="20210916 14:37:48.543" level="INFO">@{words_2} = [ mentor@rahulshettyacademy.com | with | below | templ ]</msg>
<status status="PASS" starttime="20210916 14:37:48.543" endtime="20210916 14:37:48.543"/>
</kw>
<kw name="Get From List" library="Collections">
<var>${email}</var>
<arg>${words_2}</arg>
<arg>0</arg>
<doc>Returns the value specified with an ``index`` from ``list``.</doc>
<msg timestamp="20210916 14:37:48.544" level="INFO">${email} = mentor@rahulshettyacademy.com</msg>
<status status="PASS" starttime="20210916 14:37:48.544" endtime="20210916 14:37:48.544"/>
</kw>
<kw name="Set Global Variable" library="BuiltIn">
<arg>${email}</arg>
<doc>Makes a variable available globally in all tests and suites.</doc>
<msg timestamp="20210916 14:37:48.545" level="INFO">${email} = mentor@rahulshettyacademy.com</msg>
<status status="PASS" starttime="20210916 14:37:48.544" endtime="20210916 14:37:48.545"/>
</kw>
<status status="PASS" starttime="20210916 14:37:48.512" endtime="20210916 14:37:48.546"/>
</kw>
<kw name="Switch to Parent window and enter the Email">
<kw name="Switch Window" library="SeleniumLibrary">
<arg>MAIN</arg>
<doc>Switches to browser window matching ``locator``.</doc>
<status status="PASS" starttime="20210916 14:37:48.547" endtime="20210916 14:37:48.564"/>
</kw>
<kw name="Title Should Be" library="SeleniumLibrary">
<arg>LoginPage Practise | Rahul Shetty Academy</arg>
<doc>Verifies that the current page title equals ``title``.</doc>
<msg timestamp="20210916 14:37:48.655" level="INFO">Page title is 'LoginPage Practise | Rahul Shetty Academy'.</msg>
<status status="PASS" starttime="20210916 14:37:48.565" endtime="20210916 14:37:48.655"/>
</kw>
<kw name="Input Text" library="SeleniumLibrary">
<arg>id:username</arg>
<arg>${email}</arg>
<doc>Types the given ``text`` into the text field identified by ``locator``.</doc>
<msg timestamp="20210916 14:37:48.656" level="INFO">Typing text 'mentor@rahulshettyacademy.com' into text field 'id:username'.</msg>
<status status="PASS" starttime="20210916 14:37:48.655" endtime="20210916 14:37:49.007"/>
</kw>
<status status="PASS" starttime="20210916 14:37:48.546" endtime="20210916 14:37:49.008"/>
</kw>
<tag>NEWFEATURE</tag>
<status status="PASS" starttime="20210916 14:37:38.184" endtime="20210916 14:37:49.009"/>
</test>
<doc>To validate the Login form</doc>
<status status="PASS" starttime="20210916 14:37:37.945" endtime="20210916 14:37:49.033"/>
</suite>
<status status="PASS" starttime="20210916 14:37:37.919" endtime="20210916 14:37:49.148"/>
</suite>
<statistics>
<total>
<stat pass="1" fail="0" skip="0">All Tests</stat>
</total>
<tag>
<stat pass="1" fail="0" skip="0">NEWFEATURE</stat>
</tag>
<suite>
<stat pass="1" fail="0" skip="0" id="s1" name="Tests">Tests</stat>
<stat pass="1" fail="0" skip="0" id="s1-s1" name="testDemo3">Tests.testDemo3</stat>
</suite>
</statistics>
<errors>
</errors>
</robot>
