<?xml version="1.0" encoding="UTF-8"?>
<robot generator="Robot 4.0.3 (Python 3.8.5 on darwin)" generated="20210916 14:37:37.920" rpa="false" schemaversion="2">
<suite id="s1" name="Tests" source="/Users/rahulshetty/pythonProjects/RobotFramework/tests">
<suite id="s1-s1" name="testDemo6" source="/Users/rahulshetty/pythonProjects/RobotFramework/tests/testDemo6.robot">
<test id="s1-s1-t1" name="Validate UnSuccesful Login">
<kw name="open the browser with the url" library="Generic" type="SETUP">
<kw name="Create Webdriver" library="SeleniumLibrary">
<arg>${browser_name}</arg>
<arg>executable_path=resources/${browser_name}</arg>
<doc>Creates an instance of Selenium WebDriver.</doc>
<msg timestamp="20210916 14:37:38.201" level="INFO">Creating an instance of the Chrome WebDriver.</msg>
<status status="PASS" starttime="20210916 14:37:38.200" endtime="20210916 14:37:41.708"/>
</kw>
<kw name="Go To" library="SeleniumLibrary">
<arg>${url}</arg>
<doc>Navigates the current browser window to the provided ``url``.</doc>
<msg timestamp="20210916 14:37:41.711" level="INFO">Opening url 'https://rahulshettyacademy.com/loginpagePractise/'</msg>
<status status="PASS" starttime="20210916 14:37:41.710" endtime="20210916 14:37:42.946"/>
</kw>
<status status="PASS" starttime="20210916 14:37:38.199" endtime="20210916 14:37:42.947"/>
</kw>
<kw name="Fill the login Form" library="LandingPage">
<arg>${user_name}</arg>
<arg>${invalid_password}</arg>
<kw name="Input Text" library="SeleniumLibrary">
<arg>id:username</arg>
<arg>${username}</arg>
<doc>Types the given ``text`` into the text field identified by ``locator``.</doc>
<msg timestamp="20210916 14:37:42.952" level="INFO">Typing text 'rahulshettyacademy' into text field 'id:username'.</msg>
<status status="PASS" starttime="20210916 14:37:42.950" endtime="20210916 14:37:43.197"/>
</kw>
<kw name="Input Password" library="SeleniumLibrary">
<arg>id:password</arg>
<arg>${password}</arg>
<doc>Types the given password into the text field identified by ``locator``.</doc>
<msg timestamp="20210916 14:37:43.199" level="INFO">Typing password into text field 'id:password'.</msg>
<msg timestamp="20210916 14:37:43.267" level="INFO">Temporally setting log level to: NONE</msg>
<msg timestamp="20210916 14:37:43.390" level="INFO">Log level changed from NONE to INFO.</msg>
<status status="PASS" starttime="20210916 14:37:43.198" endtime="20210916 14:37:43.391"/>
</kw>
<kw name="Click Button" library="SeleniumLibrary">
<arg>signInBtn</arg>
<doc>Clicks the button identified by ``locator``.</doc>
<msg timestamp="20210916 14:37:43.392" level="INFO">Clicking button 'signInBtn'.</msg>
<status status="PASS" starttime="20210916 14:37:43.391" endtime="20210916 14:37:43.547"/>
</kw>
<status status="PASS" starttime="20210916 14:37:42.948" endtime="20210916 14:37:43.548"/>
</kw>
<kw name="wait until Element is located in the page" library="LandingPage">
<kw name="Wait Until element passed is located on Page" library="Generic">
<arg>${Error_Message_Login}</arg>
<kw name="Wait Until Element Is Visible" library="SeleniumLibrary">
<arg>${page_locator}</arg>
<arg>timeout=10</arg>
<doc>Waits until the element ``locator`` is visible.</doc>
<status status="PASS" starttime="20210916 14:37:43.551" endtime="20210916 14:37:45.541"/>
</kw>
<status status="PASS" starttime="20210916 14:37:43.550" endtime="20210916 14:37:45.541"/>
</kw>
<status status="PASS" starttime="20210916 14:37:43.549" endtime="20210916 14:37:45.542"/>
</kw>
<kw name="verify error message is correct" library="LandingPage">
<kw name="Get Text" library="SeleniumLibrary">
<var>${result}</var>
<arg>${Error_Message_Login}</arg>
<doc>Returns the text value of the element identified by ``locator``.</doc>
<msg timestamp="20210916 14:37:45.572" level="INFO">${result} = Incorrect username/password.</msg>
<status status="PASS" starttime="20210916 14:37:45.543" endtime="20210916 14:37:45.572"/>
</kw>
<kw name="Should Be Equal As Strings" library="BuiltIn">
<arg>${result}</arg>
<arg>Incorrect username/password.</arg>
<doc>Fails if objects are unequal after converting them to strings.</doc>
<status status="PASS" starttime="20210916 14:37:45.572" endtime="20210916 14:37:45.573"/>
</kw>
<kw name="Element Text Should Be" library="SeleniumLibrary">
<arg>${Error_Message_Login}</arg>
<arg>Incorrect username/password.</arg>
<doc>Verifies that element ``locator`` contains exact the text ``expected``.</doc>
<msg timestamp="20210916 14:37:45.574" level="INFO">Verifying element 'css:.alert-danger' contains exact text 'Incorrect username/password.'.</msg>
<status status="PASS" starttime="20210916 14:37:45.573" endtime="20210916 14:37:45.593"/>
</kw>
<status status="PASS" starttime="20210916 14:37:45.542" endtime="20210916 14:37:45.593"/>
</kw>
<kw name="Close Browser session" library="Generic" type="TEARDOWN">
<kw name="Close Browser" library="SeleniumLibrary">
<doc>Closes the current browser.</doc>
<status status="PASS" starttime="20210916 14:37:45.594" endtime="20210916 14:37:45.854"/>
</kw>
<status status="PASS" starttime="20210916 14:37:45.594" endtime="20210916 14:37:45.854"/>
</kw>
<tag>REGRESSION</tag>
<tag>SMOKE</tag>
<status status="PASS" starttime="20210916 14:37:38.198" endtime="20210916 14:37:45.855"/>
</test>
<test id="s1-s1-t2" name="End to end ecommerce Product validation">
<kw name="open the browser with the url" library="Generic" type="SETUP">
<kw name="Create Webdriver" library="SeleniumLibrary">
<arg>${browser_name}</arg>
<arg>executable_path=resources/${browser_name}</arg>
<doc>Creates an instance of Selenium WebDriver.</doc>
<msg timestamp="20210916 14:37:45.859" level="INFO">Creating an instance of the Chrome WebDriver.</msg>
<status status="PASS" starttime="20210916 14:37:45.858" endtime="20210916 14:37:48.788"/>
</kw>
<kw name="Go To" library="SeleniumLibrary">
<arg>${url}</arg>
<doc>Navigates the current browser window to the provided ``url``.</doc>
<msg timestamp="20210916 14:37:48.791" level="INFO">Opening url 'https://rahulshettyacademy.com/loginpagePractise/'</msg>
<status status="PASS" starttime="20210916 14:37:48.790" endtime="20210916 14:37:50.014"/>
</kw>
<status status="PASS" starttime="20210916 14:37:45.857" endtime="20210916 14:37:50.015"/>
</kw>
<kw name="Fill the login Form" library="LandingPage">
<arg>${user_name}</arg>
<arg>${valid_password}</arg>
<kw name="Input Text" library="SeleniumLibrary">
<arg>id:username</arg>
<arg>${username}</arg>
<doc>Types the given ``text`` into the text field identified by ``locator``.</doc>
<msg timestamp="20210916 14:37:50.018" level="INFO">Typing text 'rahulshettyacademy' into text field 'id:username'.</msg>
<status status="PASS" starttime="20210916 14:37:50.017" endtime="20210916 14:37:50.249"/>
</kw>
<kw name="Input Password" library="SeleniumLibrary">
<arg>id:password</arg>
<arg>${password}</arg>
<doc>Types the given password into the text field identified by ``locator``.</doc>
<msg timestamp="20210916 14:37:50.251" level="INFO">Typing password into text field 'id:password'.</msg>
<msg timestamp="20210916 14:37:50.303" level="INFO">Temporally setting log level to: NONE</msg>
<msg timestamp="20210916 14:37:50.361" level="INFO">Log level changed from NONE to INFO.</msg>
<status status="PASS" starttime="20210916 14:37:50.250" endtime="20210916 14:37:50.361"/>
</kw>
<kw name="Click Button" library="SeleniumLibrary">
<arg>signInBtn</arg>
<doc>Clicks the button identified by ``locator``.</doc>
<msg timestamp="20210916 14:37:50.362" level="INFO">Clicking button 'signInBtn'.</msg>
<status status="PASS" starttime="20210916 14:37:50.362" endtime="20210916 14:37:50.471"/>
</kw>
<status status="PASS" starttime="20210916 14:37:50.016" endtime="20210916 14:37:50.471"/>
</kw>
<kw name="wait until Element is located in the page" library="ShopPage">
<kw name="Wait Until element passed is located on Page" library="Generic">
<arg>${Shop_page_load}</arg>
<kw name="Wait Until Element Is Visible" library="SeleniumLibrary">
<arg>${page_locator}</arg>
<arg>timeout=10</arg>
<doc>Waits until the element ``locator`` is visible.</doc>
<status status="PASS" starttime="20210916 14:37:50.473" endtime="20210916 14:37:54.609"/>
</kw>
<status status="PASS" starttime="20210916 14:37:50.472" endtime="20210916 14:37:54.610"/>
</kw>
<status status="PASS" starttime="20210916 14:37:50.472" endtime="20210916 14:37:54.632"/>
</kw>
<kw name="Verify Card titles in the Shop page" library="ShopPage">
<kw name="Create List" library="BuiltIn">
<var>@{expectedList}</var>
<arg>iphone X</arg>
<arg>Samsung Note 8</arg>
<arg>Nokia Edge</arg>
<arg>Blackberry</arg>
<doc>Returns a list containing given items.</doc>
<msg timestamp="20210916 14:37:54.636" level="INFO">@{expectedList} = [ iphone X | Samsung Note 8 | Nokia Edge | Blackberry ]</msg>
<status status="PASS" starttime="20210916 14:37:54.634" endtime="20210916 14:37:54.636"/>
</kw>
<kw name="Get WebElements" library="SeleniumLibrary">
<var>${elements}</var>
<arg>css:.card-title</arg>
<doc>Returns a list of WebElement objects matching the ``locator``.</doc>
<msg timestamp="20210916 14:37:54.659" level="INFO">${elements} = [&lt;selenium.webdriver.remote.webelement.WebElement (session="908c753214369406eed4cbca18792beb", element="69abce92-389e-4a89-a3ce-5597ee9535d0")&gt;, &lt;selenium.webdriver.remote.webelement.WebElement (sessi...</msg>
<status status="PASS" starttime="20210916 14:37:54.637" endtime="20210916 14:37:54.659"/>
</kw>
<kw name="Create List" library="BuiltIn">
<var>@{actualList}</var>
<doc>Returns a list containing given items.</doc>
<msg timestamp="20210916 14:37:54.661" level="INFO">@{actualList} = [ ]</msg>
<status status="PASS" starttime="20210916 14:37:54.660" endtime="20210916 14:37:54.661"/>
</kw>
<for flavor="IN">
<var>${element}</var>
<value>@{elements}</value>
<iter>
<var name="${element}">&lt;selenium.webdriver.remote.webelement.WebElement (session="908c753214369406eed4cbca18792beb", element="69abce92-389e-4a89-a3ce-5597ee9535d0")&gt;</var>
<kw name="Log" library="BuiltIn">
<arg>${element.text}</arg>
<doc>Logs the given message with the given level.</doc>
<msg timestamp="20210916 14:37:54.690" level="INFO">iphone X</msg>
<status status="PASS" starttime="20210916 14:37:54.662" endtime="20210916 14:37:54.690"/>
</kw>
<kw name="Append To List" library="Collections">
<arg>${actualList}</arg>
<arg>${element.text}</arg>
<doc>Adds ``values`` to the end of ``list``.</doc>
<status status="PASS" starttime="20210916 14:37:54.691" endtime="20210916 14:37:54.705"/>
</kw>
<status status="PASS" starttime="20210916 14:37:54.662" endtime="20210916 14:37:54.706"/>
</iter>
<iter>
<var name="${element}">&lt;selenium.webdriver.remote.webelement.WebElement (session="908c753214369406eed4cbca18792beb", element="411f2c8c-245f-49d0-82d9-bc21d69dcb2a")&gt;</var>
<kw name="Log" library="BuiltIn">
<arg>${element.text}</arg>
<doc>Logs the given message with the given level.</doc>
<msg timestamp="20210916 14:37:54.732" level="INFO">Samsung Note 8</msg>
<status status="PASS" starttime="20210916 14:37:54.707" endtime="20210916 14:37:54.732"/>
</kw>
<kw name="Append To List" library="Collections">
<arg>${actualList}</arg>
<arg>${element.text}</arg>
<doc>Adds ``values`` to the end of ``list``.</doc>
<status status="PASS" starttime="20210916 14:37:54.733" endtime="20210916 14:37:54.747"/>
</kw>
<status status="PASS" starttime="20210916 14:37:54.706" endtime="20210916 14:37:54.747"/>
</iter>
<iter>
<var name="${element}">&lt;selenium.webdriver.remote.webelement.WebElement (session="908c753214369406eed4cbca18792beb", element="1441761c-13e3-4b6d-a274-6b8060033e75")&gt;</var>
<kw name="Log" library="BuiltIn">
<arg>${element.text}</arg>
<doc>Logs the given message with the given level.</doc>
<msg timestamp="20210916 14:37:54.774" level="INFO">Nokia Edge</msg>
<status status="PASS" starttime="20210916 14:37:54.748" endtime="20210916 14:37:54.774"/>
</kw>
<kw name="Append To List" library="Collections">
<arg>${actualList}</arg>
<arg>${element.text}</arg>
<doc>Adds ``values`` to the end of ``list``.</doc>
<status status="PASS" starttime="20210916 14:37:54.775" endtime="20210916 14:37:54.795"/>
</kw>
<status status="PASS" starttime="20210916 14:37:54.747" endtime="20210916 14:37:54.795"/>
</iter>
<iter>
<var name="${element}">&lt;selenium.webdriver.remote.webelement.WebElement (session="908c753214369406eed4cbca18792beb", element="8dde438e-aeba-468c-976f-e5772becc600")&gt;</var>
<kw name="Log" library="BuiltIn">
<arg>${element.text}</arg>
<doc>Logs the given message with the given level.</doc>
<msg timestamp="20210916 14:37:54.827" level="INFO">Blackberry</msg>
<status status="PASS" starttime="20210916 14:37:54.797" endtime="20210916 14:37:54.827"/>
</kw>
<kw name="Append To List" library="Collections">
<arg>${actualList}</arg>
<arg>${element.text}</arg>
<doc>Adds ``values`` to the end of ``list``.</doc>
<status status="PASS" starttime="20210916 14:37:54.827" endtime="20210916 14:37:54.845"/>
</kw>
<status status="PASS" starttime="20210916 14:37:54.796" endtime="20210916 14:37:54.845"/>
</iter>
<status status="PASS" starttime="20210916 14:37:54.661" endtime="20210916 14:37:54.846"/>
</for>
<kw name="Lists Should Be Equal" library="Collections">
<arg>${expectedList}</arg>
<arg>${actualList}</arg>
<doc>Fails if given lists are unequal.</doc>
<status status="PASS" starttime="20210916 14:37:54.846" endtime="20210916 14:37:54.848"/>
</kw>
<status status="PASS" starttime="20210916 14:37:54.633" endtime="20210916 14:37:54.849"/>
</kw>
<kw name="Add Items To Cart And Checkout" library="Shop">
<arg>${listofProducts}</arg>
<msg timestamp="20210916 14:37:54.903" level="INFO">Clicking button 'xpath:(//*[@class='card-footer'])[3]/button'.</msg>
<msg timestamp="20210916 14:37:55.029" level="INFO">Clicking button 'xpath:(//*[@class='card-footer'])[4]/button'.</msg>
<msg timestamp="20210916 14:37:55.112" level="INFO">Clicking link 'css:li.active a'.</msg>
<status status="PASS" starttime="20210916 14:37:54.849" endtime="20210916 14:37:55.200"/>
</kw>
<kw name="Verify items in the Checkout Page and proceed" library="CheckoutPage">
<kw name="Click Element" library="SeleniumLibrary">
<arg>css:.btn-success</arg>
<doc>Click the element identified by ``locator``.</doc>
<msg timestamp="20210916 14:37:55.203" level="INFO">Clicking element 'css:.btn-success'.</msg>
<status status="PASS" starttime="20210916 14:37:55.202" endtime="20210916 14:37:55.297"/>
</kw>
<status status="PASS" starttime="20210916 14:37:55.201" endtime="20210916 14:37:55.297"/>
</kw>
<kw name="Enter the Country and select the terms" library="ConfirmationPage">
<arg>${country_name}</arg>
<kw name="Input Text" library="SeleniumLibrary">
<arg>country</arg>
<arg>${country_name}</arg>
<doc>Types the given ``text`` into the text field identified by ``locator``.</doc>
<msg timestamp="20210916 14:37:55.301" level="INFO">Typing text 'India' into text field 'country'.</msg>
<status status="PASS" starttime="20210916 14:37:55.299" endtime="20210916 14:37:55.455"/>
</kw>
<kw name="Wait Until element passed is located on Page" library="Generic">
<arg>//a[text()='${country_name}']</arg>
<kw name="Wait Until Element Is Visible" library="SeleniumLibrary">
<arg>${page_locator}</arg>
<arg>timeout=10</arg>
<doc>Waits until the element ``locator`` is visible.</doc>
<status status="PASS" starttime="20210916 14:37:55.456" endtime="20210916 14:38:00.503"/>
</kw>
<status status="PASS" starttime="20210916 14:37:55.455" endtime="20210916 14:38:00.503"/>
</kw>
<kw name="Click Element" library="SeleniumLibrary">
<arg>//a[text()='${country_name}']</arg>
<doc>Click the element identified by ``locator``.</doc>
<msg timestamp="20210916 14:38:00.504" level="INFO">Clicking element '//a[text()='India']'.</msg>
<status status="PASS" starttime="20210916 14:38:00.504" endtime="20210916 14:38:00.543"/>
</kw>
<kw name="Sleep" library="BuiltIn">
<arg>2</arg>
<doc>Pauses the test executed for the given time.</doc>
<msg timestamp="20210916 14:38:02.544" level="INFO">Slept 2 seconds</msg>
<status status="PASS" starttime="20210916 14:38:00.543" endtime="20210916 14:38:02.544"/>
</kw>
<kw name="Click Element" library="SeleniumLibrary">
<arg>css:.checkbox label</arg>
<doc>Click the element identified by ``locator``.</doc>
<msg timestamp="20210916 14:38:02.545" level="INFO">Clicking element 'css:.checkbox label'.</msg>
<status status="PASS" starttime="20210916 14:38:02.544" endtime="20210916 14:38:02.586"/>
</kw>
<status status="PASS" starttime="20210916 14:37:55.298" endtime="20210916 14:38:02.587"/>
</kw>
<kw name="Purchase the Product and Confirm the Purchase" library="ConfirmationPage">
<kw name="Click Button" library="SeleniumLibrary">
<arg>css:.btn-success</arg>
<doc>Clicks the button identified by ``locator``.</doc>
<msg timestamp="20210916 14:38:02.589" level="INFO">Clicking button 'css:.btn-success'.</msg>
<status status="PASS" starttime="20210916 14:38:02.588" endtime="20210916 14:38:02.641"/>
</kw>
<kw name="Page Should Contain" library="SeleniumLibrary">
<arg>Success!</arg>
<doc>Verifies that current page contains ``text``.</doc>
<msg timestamp="20210916 14:38:02.660" level="INFO">Current page contains text 'Success!'.</msg>
<status status="PASS" starttime="20210916 14:38:02.642" endtime="20210916 14:38:02.660"/>
</kw>
<status status="PASS" starttime="20210916 14:38:02.588" endtime="20210916 14:38:02.661"/>
</kw>
<kw name="Close Browser session" library="Generic" type="TEARDOWN">
<kw name="Close Browser" library="SeleniumLibrary">
<doc>Closes the current browser.</doc>
<status status="PASS" starttime="20210916 14:38:02.662" endtime="20210916 14:38:02.748"/>
</kw>
<status status="PASS" starttime="20210916 14:38:02.661" endtime="20210916 14:38:02.748"/>
</kw>
<tag>REGRESSION</tag>
<status status="PASS" starttime="20210916 14:37:45.856" endtime="20210916 14:38:02.748"/>
</test>
<test id="s1-s1-t3" name="Select the Form and navigate to Child window">
<kw name="open the browser with the url" library="Generic" type="SETUP">
<kw name="Create Webdriver" library="SeleniumLibrary">
<arg>${browser_name}</arg>
<arg>executable_path=resources/${browser_name}</arg>
<doc>Creates an instance of Selenium WebDriver.</doc>
<msg timestamp="20210916 14:38:02.753" level="INFO">Creating an instance of the Chrome WebDriver.</msg>
<status status="PASS" starttime="20210916 14:38:02.751" endtime="20210916 14:38:05.049"/>
</kw>
<kw name="Go To" library="SeleniumLibrary">
<arg>${url}</arg>
<doc>Navigates the current browser window to the provided ``url``.</doc>
<msg timestamp="20210916 14:38:05.050" level="INFO">Opening url 'https://rahulshettyacademy.com/loginpagePractise/'</msg>
<status status="PASS" starttime="20210916 14:38:05.049" endtime="20210916 14:38:05.981"/>
</kw>
<status status="PASS" starttime="20210916 14:38:02.750" endtime="20210916 14:38:05.981"/>
</kw>
<kw name="Fill the Login Details and Login Form" library="LandingPage">
<kw name="Input Text" library="SeleniumLibrary">
<arg>id:username</arg>
<arg>rahulshettyacademy</arg>
<doc>Types the given ``text`` into the text field identified by ``locator``.</doc>
<msg timestamp="20210916 14:38:05.983" level="INFO">Typing text 'rahulshettyacademy' into text field 'id:username'.</msg>
<status status="PASS" starttime="20210916 14:38:05.982" endtime="20210916 14:38:06.168"/>
</kw>
<kw name="Input Password" library="SeleniumLibrary">
<arg>id:password</arg>
<arg>learning</arg>
<doc>Types the given password into the text field identified by ``locator``.</doc>
<msg timestamp="20210916 14:38:06.169" level="INFO">Typing password into text field 'id:password'.</msg>
<msg timestamp="20210916 14:38:06.207" level="INFO">Temporally setting log level to: NONE</msg>
<msg timestamp="20210916 14:38:06.252" level="INFO">Log level changed from NONE to INFO.</msg>
<status status="PASS" starttime="20210916 14:38:06.169" endtime="20210916 14:38:06.252"/>
</kw>
<kw name="Click Element" library="SeleniumLibrary">
<arg>css:input[value='user']</arg>
<doc>Click the element identified by ``locator``.</doc>
<msg timestamp="20210916 14:38:06.253" level="INFO">Clicking element 'css:input[value='user']'.</msg>
<status status="PASS" starttime="20210916 14:38:06.253" endtime="20210916 14:38:06.333"/>
</kw>
<kw name="Wait Until Element Is Visible" library="SeleniumLibrary">
<arg>css:.modal-body</arg>
<doc>Waits until the element ``locator`` is visible.</doc>
<status status="PASS" starttime="20210916 14:38:06.333" endtime="20210916 14:38:06.576"/>
</kw>
<kw name="Click Button" library="SeleniumLibrary">
<arg>id:okayBtn</arg>
<doc>Clicks the button identified by ``locator``.</doc>
<msg timestamp="20210916 14:38:06.577" level="INFO">Clicking button 'id:okayBtn'.</msg>
<status status="PASS" starttime="20210916 14:38:06.577" endtime="20210916 14:38:06.629"/>
</kw>
<kw name="Click Button" library="SeleniumLibrary">
<arg>id:okayBtn</arg>
<doc>Clicks the button identified by ``locator``.</doc>
<msg timestamp="20210916 14:38:06.631" level="INFO">Clicking button 'id:okayBtn'.</msg>
<status status="PASS" starttime="20210916 14:38:06.630" endtime="20210916 14:38:06.666"/>
</kw>
<kw name="Wait Until Element Is Not Visible" library="SeleniumLibrary">
<arg>css:.modal-body</arg>
<doc>Waits until the element ``locator`` is not visible.</doc>
<status status="PASS" starttime="20210916 14:38:06.666" endtime="20210916 14:38:06.896"/>
</kw>
<kw name="Select From List By Value" library="SeleniumLibrary">
<arg>css:select.form-control</arg>
<arg>teach</arg>
<doc>Selects options from selection list ``locator`` by ``values``.</doc>
<msg timestamp="20210916 14:38:06.897" level="INFO">Selecting options from selection list 'css:select.form-control' by value teach.</msg>
<status status="PASS" starttime="20210916 14:38:06.896" endtime="20210916 14:38:06.956"/>
</kw>
<kw name="Select Checkbox" library="SeleniumLibrary">
<arg>terms</arg>
<doc>Selects the checkbox identified by ``locator``.</doc>
<msg timestamp="20210916 14:38:06.956" level="INFO">Selecting checkbox 'terms'.</msg>
<status status="PASS" starttime="20210916 14:38:06.956" endtime="20210916 14:38:07.009"/>
</kw>
<kw name="Checkbox Should Be Selected" library="SeleniumLibrary">
<arg>terms</arg>
<doc>Verifies checkbox ``locator`` is selected/checked.</doc>
<msg timestamp="20210916 14:38:07.010" level="INFO">Verifying checkbox 'terms' is selected.</msg>
<status status="PASS" starttime="20210916 14:38:07.010" endtime="20210916 14:38:07.024"/>
</kw>
<status status="PASS" starttime="20210916 14:38:05.982" endtime="20210916 14:38:07.024"/>
</kw>
<kw name="Close Browser session" library="Generic" type="TEARDOWN">
<kw name="Close Browser" library="SeleniumLibrary">
<doc>Closes the current browser.</doc>
<status status="PASS" starttime="20210916 14:38:07.025" endtime="20210916 14:38:07.145"/>
</kw>
<status status="PASS" starttime="20210916 14:38:07.025" endtime="20210916 14:38:07.146"/>
</kw>
<status status="PASS" starttime="20210916 14:38:02.749" endtime="20210916 14:38:07.146"/>
</test>
<doc>To validate the Login form</doc>
<status status="PASS" starttime="20210916 14:37:37.956" endtime="20210916 14:38:07.147"/>
</suite>
<status status="PASS" starttime="20210916 14:37:37.928" endtime="20210916 14:38:07.151"/>
</suite>
<statistics>
<total>
<stat pass="3" fail="0" skip="0">All Tests</stat>
</total>
<tag>
<stat pass="2" fail="0" skip="0">REGRESSION</stat>
<stat pass="1" fail="0" skip="0">SMOKE</stat>
</tag>
<suite>
<stat pass="3" fail="0" skip="0" id="s1" name="Tests">Tests</stat>
<stat pass="3" fail="0" skip="0" id="s1-s1" name="testDemo6">Tests.testDemo6</stat>
</suite>
</statistics>
<errors>
</errors>
</robot>
